1.39565
0.981865
1.07862
0.559485
0.750653
0.737681
0.742141
0.706459
0.688547
0.681535
1.36525
1.39975
1.1385
0.833354
0.672106
0.731779
0.66562
0.840298
0.92785
0.759264
1.36935
0.872817
0.821364
0.875084
0.569851
0.750842
0.698123
0.942798
0.931349
0.7093
1.17916
1.12423
0.666661
0.993093
0.75278
0.694713
0.689916
0.746778
0.782453
0.954345
1.40224
0.945616
0.671685
0.586242
0.803329
0.694291
0.904067
0.739303
0.900529
0.991848
1.18321
0.931995
0.694538
0.712434
0.701446
0.73118
0.628403
0.712896
0.740591
0.703679
1.20172
1.40114
0.708241
0.987397
0.635377
0.887308
0.875169
0.849708
0.689691
0.713072
1.19888
1.23251
1.04374
0.893061
0.639125
0.690959
0.880797
0.875567
0.700418
0.82204
1.39414
0.904637
0.696883
0.607581
0.76696
0.616097
0.850169
0.852215
0.682696
0.955995
1.20878
0.833013
0.856714
0.598643
0.768257
0.675914
0.647017
0.835564
0.968405
0.698577
