0.327985
0.377026
0.508654
0.369354
0.49476
0.384632
0.596099
0.649177
0.641581
0.724467
0.351493
0.450275
0.343008
0.382675
0.463065
0.429693
0.734014
0.573693
0.861792
0.656927
0.39807
0.417392
0.381209
0.384145
0.435642
0.446108
0.527829
0.593328
0.685064
0.674421
0.422792
0.474019
0.566304
0.388061
0.551449
0.434995
0.56432
0.577053
0.683479
0.652556
0.410862
0.483263
0.389634
0.411929
0.373884
0.451065
0.565128
0.545848
0.651971
0.764705
0.352717
0.454416
0.365295
0.382333
0.388049
0.408642
0.480333
0.541493
0.671084
0.633986
0.400445
0.406954
0.383728
0.37333
0.388599
0.445008
0.681031
0.551474
0.558157
0.660963
0.405351
0.487235
0.395555
0.375524
0.400787
0.398091
0.536483
0.55336
0.655478
0.907662
0.436395
0.459333
0.382276
0.376906
0.471799
0.391901
0.697838
0.514746
0.809653
0.594159
0.377112
0.409856
0.345289
0.401721
0.585788
0.40363
0.501132
0.56696
0.646414
0.736292
